<?xml version="1.0" encoding="UTF-8"?>
<testsuite name="logic.demoqa.registration.BaseTestImplRegistration" tests="1" skipped="0" failures="0" errors="0" timestamp="2025-11-06T08:10:13" hostname="LAPTOP-5NBHJHBC" time="41.41">
  <properties/>
  <testcase name="successfulRegistration()" classname="logic.demoqa.registration.BaseTestImplRegistration" time="41.41"/>
  <system-out><![CDATA[ https://user1:1234@selenoid.autotests.cloud/wd/hub
chrome
VIDEO https://selenoid.autotests.cloud/video/34720a6b7cc1abfa17c2a56a0423468f.mp4
]]></system-out>
  <system-err><![CDATA[[Test worker] INFO com.codeborne.selenide.impl.WebDriverThreadLocalContainer - No webdriver is bound to current thread: 1 - let's create a new webdriver
[Test worker] INFO com.codeborne.selenide.webdriver.WebDriverFactory - BrowserName=chrome Version=128.0.6613.137 Platform=linux
[Test worker] INFO com.codeborne.selenide.webdriver.WebDriverFactory - Selenide v. 6.19.1
[Test worker] INFO com.codeborne.selenide.webdriver.WebDriverFactory - Selenium WebDriver v. 4.13.0 build revision: ba948ece5b*
[Test worker] INFO com.codeborne.selenide.drivercommands.CreateDriverCommand - Created webdriver in thread 1: RemoteWebDriver -> RemoteWebDriver: chrome on linux (34720a6b7cc1abfa17c2a56a0423468f)
[Test worker] INFO com.codeborne.selenide.drivercommands.DisposablesRegistry - Register WebDriverInstance[config=StaticConfig,webDriver=RemoteWebDriver: chrome on linux (34720a6b7cc1abfa17c2a56a0423468f),proxy=null,downloadsFolder=null] in 1 [size=1]
[Test worker] INFO com.codeborne.selenide.drivercommands.DisposablesRegistry - Add shutdown hook in 1 [size=1]
]]></system-err>
</testsuite>
